2011年 12月 28日 星期三 10:30:15 CST
初步完成一些功能，修改设计方案
1. Hotdir 与 Targetdir 似乎冗余重复，只需留下 Target 吧。
g/p/m 等命令的默认目标都用 top target 吧，单独把 g 命令指向 h 列表似无必要。
2. 只留 Target (Tag) ，可丰富一些函数功能，避免重复相似代码应用于 Hotdir。
findTarge (>TARGETFound) 解析命令行的字符串，可能是显式路径，也可能是两数组的下标。
3. u 命令到底有无必要？ g/p/m 都可直接在命令行中写 Targe 下标代替
 $t, $y 可用于何处？为与其他命令的接口。
4. 无参数 t/y 应该打印当前 Targe 与 Yanked，方便查看。
用 t . 将当前目录加入 Targe 数组，tt也可将当前目录交换为目标目录（原目标为空？）
用 y -f 从外部文件读入文件名列表，或从标准输入读入。
但管道 |y 将创建另一个进程，无法将（ls）输出直接存入 yank （用外部临时文件？）
5. y 只是选择文件，如何删除某些已选文件，若添加选择，还需检测重复选择。
都可用 Y 命令，若 Yank 的文件不在列表中，则添加之，若已在列表中，则删除之。
y 命令首先是清空原列表，故总是添加式的。
6. 测试含空格的路径。用引号括起变量名能解决大多数问题。"$filename"

2011年 12月 30日 星期五 21:55:31 CST
暂时告一段落吧，可以还有很多可能待添加。但是先自己试用一段时间吧，体会它的实用性。

2012年 01月 03日 星期二 14:52:02 CST
重构框架，但是慢慢分步来吧，拆分多文件：
shcmd.sh：主控文件，将工程命名为 shcmd (sc, tc, mc)
gtcd.sh： 实现 g t 命令，综合 cd pushd 功能
ypmd.sh： 基本文件操作 y, p, m, d 命令
sharray.sh：数组操作库

2012年 01月 03日 星期二 21:59:19 CST
把 get_fullpath 改为外部命令，实现 shortdir 外部命令，支持 g a.b.c
fullpath 外部命令后，y 命令似乎有迟滞现象，运行效率降低？
初步测试感觉，用内部函数实现 get_fullpath yy 仍有迟滞。

2012年 01月 05日 星期四 14:44:28 CST
重写 yank 系列函数，执行速度加快，只是要读入更多的源代码而已
发现 [[ ]] 可用正则表达式，一直未用到
veof 命令以后再写了吧，耽误太久了。

2013年 07月 28日 星期日 10:23:16 CST
重装Ubuntu12.04，查看这套代码，修正一些错误
ypmd.sh 文件中的 number_target 统一改为 TARget
默认的p, m操作应该是复制或移动到当前目录，修改aliasrc，
如此，p 带多参数不能还原cp操作，因为p别名已带一$PWD参数，
于是ypmd.sh的默认操作与gtcd.sh的跳转目录解耦：
y,p,m,d快捷操作只针对当前目录，
若要用到g, t的强大功能，最好在启动中预定义一些目标目录TAGdir
